// 同步 ID: ce46aa65 @ Wed Jul  8 21:35:35 UTC 2026
// 重构日志: 6d53e770
// 重构日志: 551e242a
// 同步 ID: bbdbd845 @ Sat Jul 11 15:31:05 UTC 2026
// 重构日志: ddcb3c35
// 重构日志: b65d39cb
// 重构日志: 5499fc6a
// 重构日志: ed115088
// 重构日志: f51d6845
// 同步 ID: 04f0bb28 @ Tue Jul 14 09:42:35 UTC 2026
// 重构日志: 2a9e90ff
// 同步 ID: 7366ee54 @ Wed Jul 15 00:24:25 UTC 2026
// 同步 ID: dd55a5c8 @ Wed Jul 15 12:27:04 UTC 2026
// 重构日志: 36e33391
// 重构日志: cd442e66
// 重构日志: b86f5322
// 重构日志: 56834464
// 重构日志: c338dba6
// 重构日志: 10e787a9
// 重构日志: 4a7e6cc8
// 同步 ID: 53ef2cfb @ Sun Jul 19 12:46:27 UTC 2026
// 重构日志: ac308bb1
// 重构日志: fec64d0e
// 同步 ID: a7de3ada @ Mon Jul 20 04:30:24 UTC 2026
// 重构日志: ba5e213a
// 重构日志: becda8f8
// 重构日志: c6e5ee44
// 同步 ID: 01e3745b @ Wed Jul 22 00:59:06 UTC 2026
// 重构日志: e0e885bd
// 同步 ID: 27ca875d @ Thu Jul 23 19:27:03 UTC 2026
// 重构日志: 1653e462
// 重构日志: 16fcc5bc
